"cd-rfile"
"Time Step" "cd etc.."
("Time Step" "cd" "flow-time")
0 0 0
1 0.2796271454848677 0.01
2 0.2814963393365253 0.02
3 0.2954210782654529 0.03
4 0.2965346098692991 0.04
5 0.2917811695080702 0.05
6 0.2962375102172828 0.06
7 0.3243776307320367 0.07000000000000001
8 0.3710550678717374 0.08
9 0.425383511541863 0.09
10 0.4762634209118781 0.1
11 0.5041236431721009 0.11
12 0.5077494123411125 0.12
13 0.4914512870539013 0.13
14 0.466359559373173 0.14
15 0.4484724109252598 0.15
16 0.4414390846927638 0.16
17 0.4440982870526953 0.17
18 0.4521426206851648 0.18
19 0.4608909719395878 0.19
20 0.4697040158935427 0.2
21 0.476322824377462 0.21
22 0.4807130339094227 0.22
23 0.4834298255939533 0.23
24 0.4855867364828906 0.24
25 0.4877107107890643 0.25
26 0.4895434268519896 0.26
27 0.4912241334005553 0.27
28 0.4926266654783485 0.28
29 0.4937559397997182 0.29
30 0.4946773041030059 0.3
31 0.4953534505355607 0.31
32 0.4958552883483918 0.32
33 0.4962185774989437 0.33
34 0.4966147279144196 0.34
35 0.4967433405252765 0.35
36 0.4969837071318395 0.36
37 0.4970422868751558 0.37
38 0.4972113883232059 0.38
39 0.4972057951476797 0.39
40 0.4973648855508149 0.4
41 0.4974478985797851 0.41
42 0.4974454831103922 0.42
43 0.497527549690585 0.43
44 0.4976131302914005 0.44
45 0.4976160605795147 0.45
46 0.4975874257010384 0.46
47 0.4976438897603425 0.47
48 0.4977201312539795 0.48
49 0.497735745547046 0.49
50 0.4977620608319097 0.5
51 0.4977892018468892 0.51
52 0.4977986614812224 0.52
53 0.4978020550124155 0.53
54 0.4977933960778911 0.54
55 0.4977868470975644 0.55
56 0.4977738724723762 0.5600000000000001
57 0.4977656130428309 0.5700000000000001
58 0.4977519253122817 0.58
59 0.4977438817466262 0.59
60 0.4977316103406785 0.6
61 0.4977262017274543 0.61
62 0.4977171829925848 0.62
63 0.4977152015631314 0.63
64 0.4977090530544963 0.64
65 0.4977092448680169 0.65
66 0.4977039288154101 0.66
67 0.4977044413984567 0.67
68 0.4976992352144703 0.68
69 0.4976994724774223 0.6900000000000001
70 0.4976935743599014 0.7000000000000001
71 0.4976933163937275 0.71
72 0.4976872724512601 0.72
73 0.4976872934560713 0.73
74 0.4976816059383554 0.74
75 0.4976821647135093 0.75
76 0.497676950804992 0.76
77 0.4976780725932188 0.77
78 0.4976732597396379 0.78
79 0.4976748062717882 0.79
80 0.4976702306123142 0.8
81 0.49767201135214 0.8100000000000001
82 0.497667494366294 0.8200000000000001
83 0.4976693717917525 0.8300000000000001
84 0.4976648473634005 0.84
85 0.4976668292807533 0.85
86 0.4976623675366784 0.86
87 0.4976645723394418 0.87
88 0.4976602956217152 0.88
89 0.4976628415079115 0.89
90 0.4976587896130335 0.9
91 0.4976616053257113 0.91
92 0.4976586212809411 0.92
93 0.4976641726789531 0.93
94 0.4976602005184688 0.9400000000000001
95 0.4976596494023681 0.9500000000000001
96 0.4976561948125782 0.96
97 0.497658602463109 0.97
98 0.4976554780401779 0.98
99 0.4976582414628534 0.99
100 0.4976553708340594 1
101 0.4976580714992276 1.01
102 0.4976556960186221 1.02
103 0.4976579852585364 1.03
104 0.4976562377821079 1.04
105 0.4976581137011619 1.05
106 0.4976568520662278 1.06
107 0.4976582422895811 1.07
108 0.4976574623270921 1.08
109 0.4976585884063792 1.09
110 0.4976582166746005 1.1
111 0.4976591648741786 1.11
112 0.4976590759358425 1.12
113 0.4976598930019931 1.13
114 0.4976599390369608 1.14
115 0.4976608010953658 1.15
116 0.4976608499820505 1.16
117 0.4976617553657108 1.17
118 0.4976616990283881 1.18
119 0.4976627321157832 1.19
120 0.4976624871363476 1.2
121 0.4976637587351578 1.21
122 0.4976632473931342 1.22
123 0.4976648229784427 1.23
124 0.4976640086294731 1.24
125 0.4976659197042423 1.25
126 0.4976648106946278 1.26
127 0.4976670417375252 1.27
128 0.4976656894923763 1.28
129 0.4976681914294689 1.29
130 0.4976666773149886 1.3
131 0.4976693893666385 1.31
132 0.4976678223547514 1.32
133 0.4976706387965366 1.33
134 0.497669085055851 1.34
135 0.4976720199061652 1.35
136 0.4976705451059694 1.36
137 0.4976735627805591 1.37
138 0.4976722058224559 1.38
139 0.497675232455257 1.39
140 0.4976740221470087 1.4
141 0.4976770633698788 1.41
142 0.4976760104956198 1.42
143 0.4976790662075545 1.43
144 0.4976781635403372 1.44
145 0.4976812462562256 1.45
146 0.4976804742858209 1.46
147 0.4976835810050231 1.47
148 0.4976829149826717 1.48
149 0.4976860490955998 1.49
150 0.4976854605062838 1.5
151 0.4976886276663833 1.51
152 0.4976880814480243 1.52
153 0.4976912881886118 1.53
154 0.4976907507459448 1.54
155 0.4976940056968895 1.55
156 0.49769344759509 1.56
157 0.4976967545687064 1.57
158 0.497696152465859 1.58
159 0.4976995115681988 1.59
160 0.4976988474975105 1.6
161 0.4977022609687049 1.61
162 0.4977015327165942 1.62
163 0.4977050348030979 1.63
164 0.4977042486761667 1.64
165 0.4977078291288888 1.65
166 0.4977069581376798 1.66
167 0.4977104995817212 1.67
168 0.4977095442848141 1.68
169 0.4977130573408789 1.69
170 0.4977120375911704 1.7
171 0.4977163251009314 1.71
172 0.4977119869981832 1.72
173 0.4977188032118794 1.73
174 0.497716887930901 1.74
175 0.4977202552519029 1.75
176 0.4977194692844525 1.76
177 0.4977243370297307 1.77
178 0.4977197493058778 1.78
179 0.4977261026801789 1.79
180 0.4977237409870321 1.8
181 0.4977266739835656 1.81
182 0.4977257284846131 1.82
183 0.497730640898466 1.83
184 0.4977263606432906 1.84
185 0.497732584547368 1.85
186 0.4977301732080552 1.86
187 0.4977332211547333 1.87
188 0.4977320848180093 1.88
189 0.4977369333175841 1.89
190 0.4977326986144358 1.9
191 0.4977387468365573 1.91
192 0.4977362456107283 1.92
193 0.4977394199776184 1.93
194 0.4977380889422755 1.94
195 0.4977428734785593 1.95
196 0.4977387685977717 1.96
197 0.4977446513193602 1.97
198 0.4977420613718785 1.98
199 0.4977453746666557 1.99
200 0.4977438809191867 2
201 0.4977486000298617 2.01
202 0.4977445872529427 2.02
203 0.4977503521807989 2.03
204 0.4977476910441547 2.04
205 0.4977510848914257 2.05
206 0.497749485200316 2.06
207 0.4977541594092514 2.07
208 0.4977501826916713 2.08
209 0.4977558761349717 2.09
210 0.4977531618599784 2.1
211 0.4977565793071531 2.11
212 0.4977548996891724 2.12
213 0.4977595377069447 2.13
214 0.4977555660125675 2.14
215 0.4977611966711423 2.15
216 0.4977584334680207 2.16
217 0.4977618800812726 2.17
218 0.4977601270537123 2.18
219 0.4977647331430151 2.19
220 0.4977607788201083 2.2
221 0.4977663476019392 2.21
222 0.4977635332499729 2.22
223 0.4977670227239865 2.23
224 0.4977651960386635 2.24
225 0.4977697698621831 2.25
226 0.4977658591079566 2.26
227 0.497771364912922 2.27
228 0.4977685064356616 2.28
229 0.4977720635148381 2.29
230 0.4977701765022809 2.3
231 0.4977747217674344 2.31
232 0.497770856715649 2.32
233 0.4977763399771231 2.33
234 0.4977734473891619 2.34
235 0.4977770501714739 2.35
236 0.497775149431619 2.36
237 0.4977796832924191 2.37
238 0.4977758385171869 2.38
239 0.497781313127822 2.39
240 0.4977784020160755 2.4
241 0.4977820175174905 2.41
242 0.4977801044021244 2.42
243 0.4977846268817031 2.43
244 0.4977807966220388 2.44
245 0.497786272150306 2.45
246 0.4977833660957331 2.46
247 0.4977870216155739 2.47
248 0.4977851019754366 2.48
249 0.4977896406136754 2.49
250 0.4977858456743268 2.5
