"cl-rfile"
"Time Step" "cl etc.."
("Time Step" "cl" "flow-time")
0 0 0
1 -0.001152763203389217 0.01
2 -0.0001716005455735452 0.02
3 0.001264691122567693 0.03
4 0.001674875029745613 0.04
5 0.002686180199345258 0.05
6 0.002679576127258114 0.06
7 0.002780623347008372 0.07000000000000001
8 0.002209701375774498 0.08
9 0.001213248762759516 0.09
10 -0.001630639543921217 0.1
11 -0.008366604020809626 0.11
12 -0.01572880375413697 0.12
13 -0.02262960840310387 0.13
14 -0.03111493096810985 0.14
15 -0.03992582230824998 0.15
16 -0.04429417050141349 0.16
17 -0.04536783426889855 0.17
18 -0.04403500576116558 0.18
19 -0.04089947334230083 0.19
20 -0.03324831919549374 0.2
21 -0.02324554931822295 0.21
22 -0.01418428786170958 0.22
23 -0.006619965757777977 0.23
24 -0.001715441055678172 0.24
25 0.001527516156957873 0.25
26 0.003650173391037747 0.26
27 0.004900930279148371 0.27
28 0.005683807732447904 0.28
29 0.005664525050467916 0.29
30 0.00490178254855825 0.3
31 0.003520452213235433 0.31
32 0.001756301285125527 0.32
33 -0.0001985980132535094 0.33
34 -0.002352676527129694 0.34
35 -0.004620012699492164 0.35
36 -0.00660620793589234 0.36
37 -0.008509737956566817 0.37
38 -0.010160296100783 0.38
39 -0.01184210720660734 0.39
40 -0.01339707863618724 0.4
41 -0.01487621953901135 0.41
42 -0.01645055873779261 0.42
43 -0.01773951333026326 0.43
44 -0.0188433649755225 0.44
45 -0.02002307784496604 0.45
46 -0.02110633416346058 0.46
47 -0.02128789268145507 0.47
48 -0.02204750087260188 0.48
49 -0.02228255024207981 0.49
50 -0.02250668039518311 0.5
51 -0.0227648691550459 0.51
52 -0.02303213776183282 0.52
53 -0.02331112795051778 0.53
54 -0.0235759544299593 0.54
55 -0.02384187574143604 0.55
56 -0.02409270222394373 0.5600000000000001
57 -0.02434703019915064 0.5700000000000001
58 -0.02458859001489676 0.58
59 -0.02483451709339574 0.59
60 -0.02506789844607355 0.6
61 -0.02530586326223437 0.61
62 -0.02553127769076009 0.62
63 -0.02576113536083147 0.63
64 -0.02597790843401123 0.64
65 -0.0261985978671981 0.65
66 -0.02640620603561247 0.66
67 -0.02661730619555817 0.67
68 -0.02681390298190639 0.68
69 -0.027013511457864 0.6900000000000001
70 -0.02719836681070662 0.7000000000000001
71 -0.02738672980342833 0.71
72 -0.02756126557284325 0.72
73 -0.02774026201206683 0.73
74 -0.02790630234433565 0.74
75 -0.02807744806865982 0.75
76 -0.02823624889992807 0.76
77 -0.02840104034262694 0.77
78 -0.0285546451448782 0.78
79 -0.02871538941314183 0.79
80 -0.02886609159759667 0.8
81 -0.02902494595791297 0.8100000000000001
82 -0.02917472817860021 0.8200000000000001
83 -0.02933350774380704 0.8300000000000001
84 -0.02948398596335043 0.84
85 -0.0296441015981457 0.85
86 -0.02979641651308716 0.86
87 -0.02995871837427808 0.87
88 -0.03011338262432538 0.88
89 -0.03027812496341857 0.89
90 -0.03043500879022397 0.9
91 -0.03060169207278446 0.91
92 -0.03081443839037384 0.92
93 -0.03091770049497596 0.93
94 -0.03106427437728918 0.9400000000000001
95 -0.03129645746401675 0.9500000000000001
96 -0.03139778452206649 0.96
97 -0.03161147126578069 0.97
98 -0.0317158025129601 0.98
99 -0.03193554847964895 0.99
100 -0.03203812559181778 1
101 -0.03225785871553993 1.01
102 -0.03235741733674095 1.02
103 -0.03257521418289643 1.03
104 -0.03267201748399164 1.04
105 -0.03288773229032398 1.05
106 -0.03298242435798271 1.06
107 -0.03319499582810327 1.07
108 -0.03328823776068682 1.08
109 -0.03349780251938873 1.09
110 -0.03359031295361024 1.1
111 -0.0337974579215458 1.11
112 -0.03388993687152508 1.12
113 -0.03409569020430103 1.13
114 -0.034188855578023 1.14
115 -0.03439430604663505 1.15
116 -0.03448856680829435 1.16
117 -0.03469482692105152 1.17
118 -0.0347906066093388 1.18
119 -0.03499871182968043 1.19
120 -0.03509635573705373 1.2
121 -0.03530707608374094 1.21
122 -0.03540680613442564 1.22
123 -0.03562063149810769 1.23
124 -0.03572249840626666 1.24
125 -0.03593963156599723 1.25
126 -0.03604349017959285 1.26
127 -0.036263918645903 1.27
128 -0.03636944649319911 1.28
129 -0.03659298180077828 1.29
130 -0.03669971038471116 1.3
131 -0.03692600920802012 1.31
132 -0.03703331865973029 1.32
133 -0.03726193885251582 1.33
134 -0.037369283151094 1.34
135 -0.03759963595289687 1.35
136 -0.03770658167431221 1.36
137 -0.03793792490110152 1.37
138 -0.038044099662026 1.38
139 -0.03827565873585525 1.39
140 -0.03838078395731754 1.4
141 -0.03861171616052541 1.41
142 -0.03871559764452431 1.42
143 -0.038945168478076 1.43
144 -0.03904769123860329 1.44
145 -0.03927526044689221 1.45
146 -0.03937636282457614 1.46
147 -0.03960141742468743 1.47
148 -0.03970107355916693 1.48
149 -0.03992323458763253 1.49
150 -0.04002143876031291 1.5
151 -0.04024045619314284 1.51
152 -0.04033721716666103 1.52
153 -0.04055293933795544 1.53
154 -0.04064826219979252 1.54
155 -0.0408606080658823 1.55
156 -0.04095449253289726 1.56
157 -0.04116343690208198 1.57
158 -0.04125587989508723 1.58
159 -0.04146142621426671 1.59
160 -0.04155241592353084 1.6
161 -0.04175457633748889 1.61
162 -0.04184408436894915 1.62
163 -0.0420428682151421 1.63
164 -0.04213087181587011 1.64
165 -0.04232629115853222 1.65
166 -0.0424127965594569 1.66
167 -0.04260489399503688 1.67
168 -0.04268986261743627 1.68
169 -0.04287860423494836 1.69
170 -0.04296200220455352 1.7
171 -0.04309706789925764 1.71
172 -0.04329058590341652 1.72
173 -0.04337517646034641 1.73
174 -0.04349093238950973 1.74
175 -0.04368481491405181 1.75
176 -0.04375769732911198 1.76
177 -0.04387971264162512 1.77
178 -0.04405898057066059 1.78
179 -0.04413980196969567 1.79
180 -0.04424960475580372 1.8
181 -0.04443327844481922 1.81
182 -0.04450223816080019 1.82
183 -0.04461806149727332 1.83
184 -0.04478704491440388 1.84
185 -0.04486406287335891 1.85
186 -0.04496798127951537 1.86
187 -0.04514184069499218 1.87
188 -0.04520726760161047 1.88
189 -0.04531758290095463 1.89
190 -0.04547726985860444 1.9
191 -0.04555095993887646 1.91
192 -0.04564971514299493 1.92
193 -0.04581482507413181 1.93
194 -0.04587707896031951 1.94
195 -0.04598250375827214 1.95
196 -0.04613404999860461 1.96
197 -0.04620468346846337 1.97
198 -0.04629882535918728 1.98
199 -0.04645639563051086 1.99
200 -0.0465157229794402 2
201 -0.04661675854083095 2.01
202 -0.04676135167048203 2.02
203 -0.04682920194858848 2.03
204 -0.04691922968549883 2.04
205 -0.04707039220275466 2.05
206 -0.04712714519174275 2.06
207 -0.04722435893219361 2.07
208 -0.04736308445348894 2.08
209 -0.04742861436155449 2.09
210 -0.04751520347505881 2.1
211 -0.04766104243360104 2.11
212 -0.0477157865600953 2.12
213 -0.0478099980876177 2.13
214 -0.04794399957199989 2.14
215 -0.04800784802860258 2.15
216 -0.0480918859030634 2.16
217 -0.04823363256624724 2.17
218 -0.04828699187985688 2.18
219 -0.04837911172609001 2.19
220 -0.04850961274006226 2.2
221 -0.04857235925627503 2.21
222 -0.04865469322255036 2.22
223 -0.04879352062364317 2.23
224 -0.04884597270635509 2.24
225 -0.0489367111835456 2.25
226 -0.04906478025482818 2.26
227 -0.04912677663537501 2.27
228 -0.04920794281422258 2.28
229 -0.04934477447923011 2.29
230 -0.04939654647295382 2.3
231 -0.04948628377850194 2.31
232 -0.04961264165808905 2.32
233 -0.04967397671471473 2.33
234 -0.04975418303413552 2.34
235 -0.04988946625501259 2.35
236 -0.04994049226251326 2.36
237 -0.05002918679368386 2.37
238 -0.05015404107976302 2.38
239 -0.05021454898111161 2.39
240 -0.05029359933632109 2.4
241 -0.05042735960967144 2.41
242 -0.05047747656794146 2.42
243 -0.05056491342056562 2.43
244 -0.05068810450054358 2.44
245 -0.05074766105607959 2.45
246 -0.05082532987265157 2.46
247 -0.05095719956355414 2.47
248 -0.05100631365361306 2.48
249 -0.05109224995998085 2.49
250 -0.05121330533795879 2.5
